<?xml version="1.0" encoding="utf-8"?><testsuites name="pytest tests"><testsuite name="pytest" errors="0" failures="0" skipped="0" tests="4" time="0.060" timestamp="2025-09-22T03:46:41.232805+02:00" hostname="MacBook-Air.local"><testcase classname="tests.test_main" name="test_get_translation[Apple in Spanish]" time="0.001" /><testcase classname="tests.test_main" name="test_get_translation[Dog in German]" time="0.000" /><testcase classname="tests.test_main" name="test_get_translation[Sun in Japanese]" time="0.000" /><testcase classname="tests.test_main" name="test_get_translation[Bridge in Italian]" time="0.000" /></testsuite></testsuites>